0 info it worked if it ends with ok
1 verbose cli [ 'D:\\Program Files\\nodejs\\node.exe',
1 verbose cli   'C:\\Users\\viruser.v-desktop\\AppData\\Roaming\\npm\\node_modules\\npm\\bin\\npm-cli.js',
1 verbose cli   'start' ]
2 info using npm@4.0.5
3 info using node@v4.4.4
4 verbose run-script [ 'prestart', 'start', 'poststart' ]
5 info lifecycle react-react_router-redux-socket.io-koa@1.0.0~prestart: react-react_router-redux-socket.io-koa@1.0.0
6 silly lifecycle react-react_router-redux-socket.io-koa@1.0.0~prestart: no script for prestart, continuing
7 info lifecycle react-react_router-redux-socket.io-koa@1.0.0~start: react-react_router-redux-socket.io-koa@1.0.0
8 verbose lifecycle react-react_router-redux-socket.io-koa@1.0.0~start: unsafe-perm in lifecycle true
9 verbose lifecycle react-react_router-redux-socket.io-koa@1.0.0~start: PATH: C:\Users\viruser.v-desktop\AppData\Roaming\npm\node_modules\npm\bin\node-gyp-bin;D:\learn-space\react-react_router-redux-socket.io-koa-开发一个聊天室\node_modules\.bin;C:\Windows\system32;C:\Windows;C:\Windows\System32\Wbem;C:\Windows\System32\WindowsPowerShell\v1.0\;C:\Program Files\TortoiseSVN\bin;C:\Program Files\Git\cmd;D:\Program Files\nodejs\;C:\Program Files\TortoiseGit\bin
10 verbose lifecycle react-react_router-redux-socket.io-koa@1.0.0~start: CWD: D:\learn-space\react-react_router-redux-socket.io-koa-开发一个聊天室
11 silly lifecycle react-react_router-redux-socket.io-koa@1.0.0~start: Args: [ '/d /s /c', 'babel-node server.js' ]
12 verbose stack Error: kill ENOSYS
12 verbose stack     at exports._errnoException (util.js:870:11)
12 verbose stack     at process.kill (node.js:777:15)
12 verbose stack     at process.listener (C:\Users\viruser.v-desktop\AppData\Roaming\npm\node_modules\npm\node_modules\npmlog\node_modules\gauge\node_modules\signal-exit\index.js:86:15)
12 verbose stack     at emitNone (events.js:72:20)
12 verbose stack     at process.emit (events.js:166:7)
12 verbose stack     at processEmit (C:\Users\viruser.v-desktop\AppData\Roaming\npm\node_modules\npm\node_modules\npmlog\node_modules\gauge\node_modules\signal-exit\index.js:146:32)
12 verbose stack     at processEmit (C:\Users\viruser.v-desktop\AppData\Roaming\npm\node_modules\npm\node_modules\npm-registry-client\node_modules\npmlog\node_modules\gauge\node_modules\signal-exit\index.js:146:32)
12 verbose stack     at Signal.wrap.onsignal (node.js:804:46)
13 verbose cwd D:\learn-space\react-react_router-redux-socket.io-koa-开发一个聊天室
14 error Windows_NT 6.1.7601
15 error argv "D:\\Program Files\\nodejs\\node.exe" "C:\\Users\\viruser.v-desktop\\AppData\\Roaming\\npm\\node_modules\\npm\\bin\\npm-cli.js" "start"
16 error node v4.4.4
17 error npm  v4.0.5
18 error code ENOSYS
19 error errno ENOSYS
20 error syscall kill
21 error kill ENOSYS
22 error If you need help, you may report this error at:
22 error     <https://github.com/npm/npm/issues>
23 verbose exit [ 1, true ]
