0 info it worked if it ends with ok
1 verbose cli [ 'D:\\Program Files\\nodejs\\node.exe',
1 verbose cli   'C:\\Users\\viruser.v-desktop\\AppData\\Roaming\\npm\\node_modules\\npm\\bin\\npm-cli.js',
1 verbose cli   'run',
1 verbose cli   'gulp' ]
2 info using npm@4.0.5
3 info using node@v6.9.2
4 verbose run-script [ 'pregulp', 'gulp', 'postgulp' ]
5 info lifecycle gulp-es7@1.0.0~pregulp: gulp-es7@1.0.0
6 silly lifecycle gulp-es7@1.0.0~pregulp: no script for pregulp, continuing
7 info lifecycle gulp-es7@1.0.0~gulp: gulp-es7@1.0.0
8 verbose lifecycle gulp-es7@1.0.0~gulp: unsafe-perm in lifecycle true
9 verbose lifecycle gulp-es7@1.0.0~gulp: PATH: C:\Users\viruser.v-desktop\AppData\Roaming\npm\node_modules\npm\bin\node-gyp-bin;D:\learn-space\blog\es7+开发运行环境搭建\node_modules\.bin;C:\Windows\system32;C:\Windows;C:\Windows\System32\Wbem;C:\Windows\System32\WindowsPowerShell\v1.0\;C:\Program Files\TortoiseSVN\bin;C:\Program Files\Git\cmd;C:\Program Files\TortoiseGit\bin;D:\Program Files\nodejs\;C:\Users\viruser.v-desktop\AppData\Local\atom\bin
10 verbose lifecycle gulp-es7@1.0.0~gulp: CWD: D:\learn-space\blog\es7+开发运行环境搭建
11 silly lifecycle gulp-es7@1.0.0~gulp: Args: [ '/d /s /c', 'gulp' ]
12 silly lifecycle gulp-es7@1.0.0~gulp: Returned: code: 3221225786  signal: null
13 info lifecycle gulp-es7@1.0.0~gulp: Failed to exec gulp script
14 verbose stack Error: gulp-es7@1.0.0 gulp: `gulp`
14 verbose stack Exit status 3221225786
14 verbose stack     at EventEmitter.<anonymous> (C:\Users\viruser.v-desktop\AppData\Roaming\npm\node_modules\npm\lib\utils\lifecycle.js:279:16)
14 verbose stack     at emitTwo (events.js:106:13)
14 verbose stack     at EventEmitter.emit (events.js:191:7)
14 verbose stack     at ChildProcess.<anonymous> (C:\Users\viruser.v-desktop\AppData\Roaming\npm\node_modules\npm\lib\utils\spawn.js:40:14)
14 verbose stack     at emitTwo (events.js:106:13)
14 verbose stack     at ChildProcess.emit (events.js:191:7)
14 verbose stack     at maybeClose (internal/child_process.js:877:16)
14 verbose stack     at Process.ChildProcess._handle.onexit (internal/child_process.js:226:5)
15 verbose pkgid gulp-es7@1.0.0
16 verbose cwd D:\learn-space\blog\es7+开发运行环境搭建
17 error Windows_NT 6.1.7601
18 error argv "D:\\Program Files\\nodejs\\node.exe" "C:\\Users\\viruser.v-desktop\\AppData\\Roaming\\npm\\node_modules\\npm\\bin\\npm-cli.js" "run" "gulp"
19 error node v6.9.2
20 error npm  v4.0.5
21 error code ELIFECYCLE
22 error gulp-es7@1.0.0 gulp: `gulp`
22 error Exit status 3221225786
23 error Failed at the gulp-es7@1.0.0 gulp script 'gulp'.
23 error Make sure you have the latest version of node.js and npm installed.
23 error If you do, this is most likely a problem with the gulp-es7 package,
23 error not with npm itself.
23 error Tell the author that this fails on your system:
23 error     gulp
23 error You can get information on how to open an issue for this project with:
23 error     npm bugs gulp-es7
23 error Or if that isn't available, you can get their info via:
23 error     npm owner ls gulp-es7
23 error There is likely additional logging output above.
24 verbose exit [ 1, true ]
