0 info it worked if it ends with ok
1 verbose cli [ 'D:\\Program Files\\nodejs\\node.exe',
1 verbose cli   'C:\\Users\\viruser.v-desktop\\AppData\\Roaming\\npm\\node_modules\\npm\\bin\\npm-cli.js',
1 verbose cli   'run',
1 verbose cli   'koa-router' ]
2 info using npm@4.0.5
3 info using node@v4.4.4
4 verbose run-script [ 'prekoa-router', 'koa-router', 'postkoa-router' ]
5 info lifecycle koa-learn@1.0.0~prekoa-router: koa-learn@1.0.0
6 silly lifecycle koa-learn@1.0.0~prekoa-router: no script for prekoa-router, continuing
7 info lifecycle koa-learn@1.0.0~koa-router: koa-learn@1.0.0
8 verbose lifecycle koa-learn@1.0.0~koa-router: unsafe-perm in lifecycle true
9 verbose lifecycle koa-learn@1.0.0~koa-router: PATH: C:\Users\viruser.v-desktop\AppData\Roaming\npm\node_modules\npm\bin\node-gyp-bin;D:\learn-space\koa-learn\node_modules\.bin;C:\Windows\system32;C:\Windows;C:\Windows\System32\Wbem;C:\Windows\System32\WindowsPowerShell\v1.0\;C:\Program Files\TortoiseSVN\bin;C:\Program Files\Git\cmd;D:\Program Files\nodejs\;C:\Program Files\TortoiseGit\bin
10 verbose lifecycle koa-learn@1.0.0~koa-router: CWD: D:\learn-space\koa-learn
11 silly lifecycle koa-learn@1.0.0~koa-router: Args: [ '/d /s /c', 'babel-node koa-router' ]
12 silly lifecycle koa-learn@1.0.0~koa-router: Returned: code: 3221225786  signal: null
13 info lifecycle koa-learn@1.0.0~koa-router: Failed to exec koa-router script
14 verbose stack Error: koa-learn@1.0.0 koa-router: `babel-node koa-router`
14 verbose stack Exit status 3221225786
14 verbose stack     at EventEmitter.<anonymous> (C:\Users\viruser.v-desktop\AppData\Roaming\npm\node_modules\npm\lib\utils\lifecycle.js:279:16)
14 verbose stack     at emitTwo (events.js:87:13)
14 verbose stack     at EventEmitter.emit (events.js:172:7)
14 verbose stack     at ChildProcess.<anonymous> (C:\Users\viruser.v-desktop\AppData\Roaming\npm\node_modules\npm\lib\utils\spawn.js:40:14)
14 verbose stack     at emitTwo (events.js:87:13)
14 verbose stack     at ChildProcess.emit (events.js:172:7)
14 verbose stack     at maybeClose (internal/child_process.js:827:16)
14 verbose stack     at Process.ChildProcess._handle.onexit (internal/child_process.js:211:5)
15 verbose pkgid koa-learn@1.0.0
16 verbose cwd D:\learn-space\koa-learn
17 error Windows_NT 6.1.7601
18 error argv "D:\\Program Files\\nodejs\\node.exe" "C:\\Users\\viruser.v-desktop\\AppData\\Roaming\\npm\\node_modules\\npm\\bin\\npm-cli.js" "run" "koa-router"
19 error node v4.4.4
20 error npm  v4.0.5
21 error code ELIFECYCLE
22 error koa-learn@1.0.0 koa-router: `babel-node koa-router`
22 error Exit status 3221225786
23 error Failed at the koa-learn@1.0.0 koa-router script 'babel-node koa-router'.
23 error Make sure you have the latest version of node.js and npm installed.
23 error If you do, this is most likely a problem with the koa-learn package,
23 error not with npm itself.
23 error Tell the author that this fails on your system:
23 error     babel-node koa-router
23 error You can get information on how to open an issue for this project with:
23 error     npm bugs koa-learn
23 error Or if that isn't available, you can get their info via:
23 error     npm owner ls koa-learn
23 error There is likely additional logging output above.
24 verbose exit [ 1, true ]
